This file contains any messages produced by compilers while
running configure, to aid debugging if configure makes a mistake.

It was created by configure, which was
generated by GNU Autoconf 2.59.  Invocation command line was

  $ ./configure --prefix=/usr/local --cache-file=/dev/null --srcdir=.

## --------- ##
## Platform. ##
## --------- ##

hostname = NSUOS
uname -m = x86_64
uname -r = 6.5.0-21-generic
uname -s = Linux
uname -v = #21~22.04.1-Ubuntu SMP PREEMPT_DYNAMIC Fri Feb  9 13:32:52 UTC 2

/usr/bin/uname -p = x86_64
/bin/uname -X     = unknown

/bin/arch              = x86_64
/usr/bin/arch -k       = unknown
/usr/convex/getsysinfo = unknown
hostinfo               = unknown
/bin/machine           = unknown
/usr/bin/oslevel       = unknown
/bin/universe          = unknown

PATH: /usr/local/sbin
PATH: /usr/local/bin
PATH: /usr/sbin
PATH: /usr/bin
PATH: /sbin
PATH: /bin
PATH: /usr/games
PATH: /usr/local/games
PATH: /snap/bin
PATH: /snap/bin


## ----------- ##
## Core tests. ##
## ----------- ##

configure:1553: checking for current directory name
configure:1597: result: /home/yuliayureva/Desktop/OPP/lab1/slog2sdk-1.2.6/trace_rlog
configure:1662: checking gnumake
configure:1677: result: yes using --no-print-directory
configure:1691: checking BSD 4.4 make
configure:1711: result: no - whew
configure:1717: checking OSF V3 make
configure:1736: result: no
configure:1743: checking for virtual path format
configure:1758: result: VPATH
configure:1867: checking for gcc
configure:1883: found /usr/bin/gcc
configure:1893: result: gcc
configure:2137: checking for C compiler version
configure:2140: gcc --version </dev/null >&5
gcc (Ubuntu 11.4.0-1ubuntu1~22.04) 11.4.0
Copyright (C) 2021 Free Software Foundation, Inc.
This is free software; see the source for copying conditions.  There is NO
warranty; not even for MERCHANTABILITY or FITNESS FOR A PARTICULAR PURPOSE.

configure:2143: $? = 0
configure:2145: gcc -v </dev/null >&5
Using built-in specs.
COLLECT_GCC=gcc
COLLECT_LTO_WRAPPER=/usr/lib/gcc/x86_64-linux-gnu/11/lto-wrapper
OFFLOAD_TARGET_NAMES=nvptx-none:amdgcn-amdhsa
OFFLOAD_TARGET_DEFAULT=1
Target: x86_64-linux-gnu
Configured with: ../src/configure -v --with-pkgversion='Ubuntu 11.4.0-1ubuntu1~22.04' --with-bugurl=file:///usr/share/doc/gcc-11/README.Bugs --enable-languages=c,ada,c++,go,brig,d,fortran,objc,obj-c++,m2 --prefix=/usr --with-gcc-major-version-only --program-suffix=-11 --program-prefix=x86_64-linux-gnu- --enable-shared --enable-linker-build-id --libexecdir=/usr/lib --without-included-gettext --enable-threads=posix --libdir=/usr/lib --enable-nls --enable-bootstrap --enable-clocale=gnu --enable-libstdcxx-debug --enable-libstdcxx-time=yes --with-default-libstdcxx-abi=new --enable-gnu-unique-object --disable-vtable-verify --enable-plugin --enable-default-pie --with-system-zlib --enable-libphobos-checking=release --with-target-system-zlib=auto --enable-objc-gc=auto --enable-multiarch --disable-werror --enable-cet --with-arch-32=i686 --with-abi=m64 --with-multilib-list=m32,m64,mx32 --enable-multilib --with-tune=generic --enable-offload-targets=nvptx-none=/build/gcc-11-XeT9lY/gcc-11-11.4.0/debian/tmp-nvptx/usr,amdgcn-amdhsa=/build/gcc-11-XeT9lY/gcc-11-11.4.0/debian/tmp-gcn/usr --without-cuda-driver --enable-checking=release --build=x86_64-linux-gnu --host=x86_64-linux-gnu --target=x86_64-linux-gnu --with-build-config=bootstrap-lto-lean --enable-link-serialization=2
Thread model: posix
Supported LTO compression algorithms: zlib zstd
gcc version 11.4.0 (Ubuntu 11.4.0-1ubuntu1~22.04) 
configure:2148: $? = 0
configure:2150: gcc -V </dev/null >&5
gcc: error: unrecognized command-line option '-V'
gcc: fatal error: no input files
compilation terminated.
configure:2153: $? = 1
configure:2176: checking for C compiler default output file name
configure:2179: gcc    conftest.c  >&5
configure:2182: $? = 0
configure:2228: result: a.out
configure:2233: checking whether the C compiler works
configure:2239: ./a.out
configure:2242: $? = 0
configure:2259: result: yes
configure:2266: checking whether we are cross compiling
configure:2268: result: no
configure:2271: checking for suffix of executables
configure:2273: gcc -o conftest    conftest.c  >&5
configure:2276: $? = 0
configure:2301: result: 
configure:2307: checking for suffix of object files
configure:2328: gcc -c   conftest.c >&5
configure:2331: $? = 0
configure:2353: result: o
configure:2357: checking whether we are using the GNU C compiler
configure:2381: gcc -c   conftest.c >&5
configure:2387: $? = 0
configure:2390: test -z 			 || test ! -s conftest.err
configure:2393: $? = 0
configure:2396: test -s conftest.o
configure:2399: $? = 0
configure:2412: result: yes
configure:2418: checking whether gcc accepts -g
configure:2439: gcc -c -g  conftest.c >&5
configure:2445: $? = 0
configure:2448: test -z 			 || test ! -s conftest.err
configure:2451: $? = 0
configure:2454: test -s conftest.o
configure:2457: $? = 0
configure:2468: result: yes
configure:2485: checking for gcc option to accept ANSI C
configure:2555: gcc  -c -g -O2  conftest.c >&5
configure:2561: $? = 0
configure:2564: test -z 			 || test ! -s conftest.err
configure:2567: $? = 0
configure:2570: test -s conftest.o
configure:2573: $? = 0
configure:2591: result: none needed
configure:2609: gcc -c -g -O2  conftest.c >&5
conftest.c:2:3: error: unknown type name 'choke'
    2 |   choke me
      |   ^~~~~
conftest.c:2:3: error: expected '=', ',', ';', 'asm' or '__attribute__' at end of input
configure:2615: $? = 1
configure: failed program was:
| #ifndef __cplusplus
|   choke me
| #endif
configure:2751: checking how to run the C preprocessor
configure:2786: gcc -E  conftest.c
configure:2792: $? = 0
configure:2824: gcc -E  conftest.c
conftest.c:9:10: fatal error: ac_nonexistent.h: No such file or directory
    9 | #include <ac_nonexistent.h>
      |          ^~~~~~~~~~~~~~~~~~
compilation terminated.
configure:2830: $? = 1
configure: failed program was:
| /* confdefs.h.  */
| 
| #define PACKAGE_NAME ""
| #define PACKAGE_TARNAME ""
| #define PACKAGE_VERSION ""
| #define PACKAGE_STRING ""
| #define PACKAGE_BUGREPORT ""
| /* end confdefs.h.  */
| #include <ac_nonexistent.h>
configure:2869: result: gcc -E
configure:2893: gcc -E  conftest.c
configure:2899: $? = 0
configure:2931: gcc -E  conftest.c
conftest.c:9:10: fatal error: ac_nonexistent.h: No such file or directory
    9 | #include <ac_nonexistent.h>
      |          ^~~~~~~~~~~~~~~~~~
compilation terminated.
configure:2937: $? = 1
configure: failed program was:
| /* confdefs.h.  */
| 
| #define PACKAGE_NAME ""
| #define PACKAGE_TARNAME ""
| #define PACKAGE_VERSION ""
| #define PACKAGE_STRING ""
| #define PACKAGE_BUGREPORT ""
| /* end confdefs.h.  */
| #include <ac_nonexistent.h>
configure:2981: checking for egrep
configure:2991: result: grep -E
configure:2996: checking for ANSI C header files
configure:3021: gcc -c -g -O2  conftest.c >&5
configure:3027: $? = 0
configure:3030: test -z 			 || test ! -s conftest.err
configure:3033: $? = 0
configure:3036: test -s conftest.o
configure:3039: $? = 0
configure:3128: gcc -o conftest -g -O2   conftest.c  >&5
conftest.c: In function 'main':
conftest.c:26:7: warning: implicit declaration of function 'exit' [-Wimplicit-function-declaration]
   26 |       exit(2);
      |       ^~~~
conftest.c:10:1: note: include '<stdlib.h>' or provide a declaration of 'exit'
    9 | #include <ctype.h>
  +++ |+#include <stdlib.h>
   10 | #if ((' ' & 0x0FF) == 0x020)
conftest.c:26:7: warning: incompatible implicit declaration of built-in function 'exit' [-Wbuiltin-declaration-mismatch]
   26 |       exit(2);
      |       ^~~~
conftest.c:26:7: note: include '<stdlib.h>' or provide a declaration of 'exit'
conftest.c:27:3: warning: incompatible implicit declaration of built-in function 'exit' [-Wbuiltin-declaration-mismatch]
   27 |   exit (0);
      |   ^~~~
conftest.c:27:3: note: include '<stdlib.h>' or provide a declaration of 'exit'
configure:3131: $? = 0
configure:3133: ./conftest
configure:3136: $? = 0
configure:3151: result: yes
configure:3175: checking for sys/types.h
configure:3191: gcc -c -g -O2  conftest.c >&5
configure:3197: $? = 0
configure:3200: test -z 			 || test ! -s conftest.err
configure:3203: $? = 0
configure:3206: test -s conftest.o
configure:3209: $? = 0
configure:3220: result: yes
configure:3175: checking for sys/stat.h
configure:3191: gcc -c -g -O2  conftest.c >&5
configure:3197: $? = 0
configure:3200: test -z 			 || test ! -s conftest.err
configure:3203: $? = 0
configure:3206: test -s conftest.o
configure:3209: $? = 0
configure:3220: result: yes
configure:3175: checking for stdlib.h
configure:3191: gcc -c -g -O2  conftest.c >&5
configure:3197: $? = 0
configure:3200: test -z 			 || test ! -s conftest.err
configure:3203: $? = 0
configure:3206: test -s conftest.o
configure:3209: $? = 0
configure:3220: result: yes
configure:3175: checking for string.h
configure:3191: gcc -c -g -O2  conftest.c >&5
configure:3197: $? = 0
configure:3200: test -z 			 || test ! -s conftest.err
configure:3203: $? = 0
configure:3206: test -s conftest.o
configure:3209: $? = 0
configure:3220: result: yes
configure:3175: checking for memory.h
configure:3191: gcc -c -g -O2  conftest.c >&5
configure:3197: $? = 0
configure:3200: test -z 			 || test ! -s conftest.err
configure:3203: $? = 0
configure:3206: test -s conftest.o
configure:3209: $? = 0
configure:3220: result: yes
configure:3175: checking for strings.h
configure:3191: gcc -c -g -O2  conftest.c >&5
configure:3197: $? = 0
configure:3200: test -z 			 || test ! -s conftest.err
configure:3203: $? = 0
configure:3206: test -s conftest.o
configure:3209: $? = 0
configure:3220: result: yes
configure:3175: checking for inttypes.h
configure:3191: gcc -c -g -O2  conftest.c >&5
configure:3197: $? = 0
configure:3200: test -z 			 || test ! -s conftest.err
configure:3203: $? = 0
configure:3206: test -s conftest.o
configure:3209: $? = 0
configure:3220: result: yes
configure:3175: checking for stdint.h
configure:3191: gcc -c -g -O2  conftest.c >&5
configure:3197: $? = 0
configure:3200: test -z 			 || test ! -s conftest.err
configure:3203: $? = 0
configure:3206: test -s conftest.o
configure:3209: $? = 0
configure:3220: result: yes
configure:3175: checking for unistd.h
configure:3191: gcc -c -g -O2  conftest.c >&5
configure:3197: $? = 0
configure:3200: test -z 			 || test ! -s conftest.err
configure:3203: $? = 0
configure:3206: test -s conftest.o
configure:3209: $? = 0
configure:3220: result: yes
configure:3241: checking for stdlib.h
configure:3246: result: yes
configure:3250: checking stdio.h usability
configure:3262: gcc -c -g -O2  conftest.c >&5
configure:3268: $? = 0
configure:3271: test -z 			 || test ! -s conftest.err
configure:3274: $? = 0
configure:3277: test -s conftest.o
configure:3280: $? = 0
configure:3290: result: yes
configure:3294: checking stdio.h presence
configure:3304: gcc -E  conftest.c
configure:3310: $? = 0
configure:3330: result: yes
configure:3365: checking for stdio.h
configure:3372: result: yes
configure:3241: checking for string.h
configure:3246: result: yes
configure:3250: checking ctype.h usability
configure:3262: gcc -c -g -O2  conftest.c >&5
configure:3268: $? = 0
configure:3271: test -z 			 || test ! -s conftest.err
configure:3274: $? = 0
configure:3277: test -s conftest.o
configure:3280: $? = 0
configure:3290: result: yes
configure:3294: checking ctype.h presence
configure:3304: gcc -E  conftest.c
configure:3310: $? = 0
configure:3330: result: yes
configure:3365: checking for ctype.h
configure:3372: result: yes
configure:3250: checking errno.h usability
configure:3262: gcc -c -g -O2  conftest.c >&5
configure:3268: $? = 0
configure:3271: test -z 			 || test ! -s conftest.err
configure:3274: $? = 0
configure:3277: test -s conftest.o
configure:3280: $? = 0
configure:3290: result: yes
configure:3294: checking errno.h presence
configure:3304: gcc -E  conftest.c
configure:3310: $? = 0
configure:3330: result: yes
configure:3365: checking for errno.h
configure:3372: result: yes
configure:3385: checking for an ANSI C-conforming const
configure:3452: gcc -c -g -O2  conftest.c >&5
configure:3458: $? = 0
configure:3461: test -z 			 || test ! -s conftest.err
configure:3464: $? = 0
configure:3467: test -s conftest.o
configure:3470: $? = 0
configure:3481: result: yes
configure:3491: checking for void *
configure:3515: gcc -c -g -O2  conftest.c >&5
configure:3521: $? = 0
configure:3524: test -z 			 || test ! -s conftest.err
configure:3527: $? = 0
configure:3530: test -s conftest.o
configure:3533: $? = 0
configure:3544: result: yes
configure:3547: checking size of void *
configure:3859: gcc -o conftest -g -O2   conftest.c  >&5
configure:3862: $? = 0
configure:3864: ./conftest
configure:3867: $? = 0
configure:3890: result: 8
configure:3897: checking for int
configure:3921: gcc -c -g -O2  conftest.c >&5
configure:3927: $? = 0
configure:3930: test -z 			 || test ! -s conftest.err
configure:3933: $? = 0
configure:3936: test -s conftest.o
configure:3939: $? = 0
configure:3950: result: yes
configure:3953: checking size of int
configure:4265: gcc -o conftest -g -O2   conftest.c  >&5
configure:4268: $? = 0
configure:4270: ./conftest
configure:4273: $? = 0
configure:4296: result: 4
configure:4303: checking for long
configure:4327: gcc -c -g -O2  conftest.c >&5
configure:4333: $? = 0
configure:4336: test -z 			 || test ! -s conftest.err
configure:4339: $? = 0
configure:4342: test -s conftest.o
configure:4345: $? = 0
configure:4356: result: yes
configure:4359: checking size of long
configure:4671: gcc -o conftest -g -O2   conftest.c  >&5
configure:4674: $? = 0
configure:4676: ./conftest
configure:4679: $? = 0
configure:4702: result: 8
configure:4709: checking for long long
configure:4733: gcc -c -g -O2  conftest.c >&5
configure:4739: $? = 0
configure:4742: test -z 			 || test ! -s conftest.err
configure:4745: $? = 0
configure:4748: test -s conftest.o
configure:4751: $? = 0
configure:4762: result: yes
configure:4765: checking size of long long
configure:5077: gcc -o conftest -g -O2   conftest.c  >&5
configure:5080: $? = 0
configure:5082: ./conftest
configure:5085: $? = 0
configure:5108: result: 8
configure:5115: checking for __int64
configure:5139: gcc -c -g -O2  conftest.c >&5
conftest.c: In function 'main':
conftest.c:65:6: error: '__int64' undeclared (first use in this function); did you mean '__int64_t'?
   65 | if ((__int64 *) 0)
      |      ^~~~~~~
      |      __int64_t
conftest.c:65:6: note: each undeclared identifier is reported only once for each function it appears in
conftest.c:65:15: error: expected expression before ')' token
   65 | if ((__int64 *) 0)
      |               ^
configure:5145: $? = 1
configure: failed program was:
| /* confdefs.h.  */
| 
| #define PACKAGE_NAME ""
| #define PACKAGE_TARNAME ""
| #define PACKAGE_VERSION ""
| #define PACKAGE_STRING ""
| #define PACKAGE_BUGREPORT ""
| #define STDC_HEADERS 1
| #define HAVE_SYS_TYPES_H 1
| #define HAVE_SYS_STAT_H 1
| #define HAVE_STDLIB_H 1
| #define HAVE_STRING_H 1
| #define HAVE_MEMORY_H 1
| #define HAVE_STRINGS_H 1
| #define HAVE_INTTYPES_H 1
| #define HAVE_STDINT_H 1
| #define HAVE_UNISTD_H 1
| #define HAVE_STDLIB_H 1
| #define HAVE_STDIO_H 1
| #define HAVE_STRING_H 1
| #define HAVE_CTYPE_H 1
| #define HAVE_ERRNO_H 1
| #define SIZEOF_VOID_P 8
| #define SIZEOF_INT 4
| #define SIZEOF_LONG 8
| #define SIZEOF_LONG_LONG 8
| /* end confdefs.h.  */
| #include <stdio.h>
| #if HAVE_SYS_TYPES_H
| # include <sys/types.h>
| #endif
| #if HAVE_SYS_STAT_H
| # include <sys/stat.h>
| #endif
| #if STDC_HEADERS
| # include <stdlib.h>
| # include <stddef.h>
| #else
| # if HAVE_STDLIB_H
| #  include <stdlib.h>
| # endif
| #endif
| #if HAVE_STRING_H
| # if !STDC_HEADERS && HAVE_MEMORY_H
| #  include <memory.h>
| # endif
| # include <string.h>
| #endif
| #if HAVE_STRINGS_H
| # include <strings.h>
| #endif
| #if HAVE_INTTYPES_H
| # include <inttypes.h>
| #else
| # if HAVE_STDINT_H
| #  include <stdint.h>
| # endif
| #endif
| #if HAVE_UNISTD_H
| # include <unistd.h>
| #endif
| int
| main ()
| {
| if ((__int64 *) 0)
|   return 0;
| if (sizeof (__int64))
|   return 0;
|   ;
|   return 0;
| }
configure:5168: result: no
configure:5171: checking size of __int64
configure:5514: result: 0
configure:5558: checking whether byte ordering is bigendian
configure:5585: gcc -c -g -O2  conftest.c >&5
configure:5591: $? = 0
configure:5594: test -z 			 || test ! -s conftest.err
configure:5597: $? = 0
configure:5600: test -s conftest.o
configure:5603: $? = 0
configure:5627: gcc -c -g -O2  conftest.c >&5
conftest.c: In function 'main':
conftest.c:36:2: error: unknown type name 'not'; did you mean 'ino_t'?
   36 |  not big endian
      |  ^~~
      |  ino_t
conftest.c:36:10: error: expected '=', ',', ';', 'asm' or '__attribute__' before 'endian'
   36 |  not big endian
      |          ^~~~~~
configure:5633: $? = 1
configure: failed program was:
| /* confdefs.h.  */
| 
| #define PACKAGE_NAME ""
| #define PACKAGE_TARNAME ""
| #define PACKAGE_VERSION ""
| #define PACKAGE_STRING ""
| #define PACKAGE_BUGREPORT ""
| #define STDC_HEADERS 1
| #define HAVE_SYS_TYPES_H 1
| #define HAVE_SYS_STAT_H 1
| #define HAVE_STDLIB_H 1
| #define HAVE_STRING_H 1
| #define HAVE_MEMORY_H 1
| #define HAVE_STRINGS_H 1
| #define HAVE_INTTYPES_H 1
| #define HAVE_STDINT_H 1
| #define HAVE_UNISTD_H 1
| #define HAVE_STDLIB_H 1
| #define HAVE_STDIO_H 1
| #define HAVE_STRING_H 1
| #define HAVE_CTYPE_H 1
| #define HAVE_ERRNO_H 1
| #define SIZEOF_VOID_P 8
| #define SIZEOF_INT 4
| #define SIZEOF_LONG 8
| #define SIZEOF_LONG_LONG 8
| #define SIZEOF___INT64 0
| /* end confdefs.h.  */
| #include <sys/types.h>
| #include <sys/param.h>
| 
| int
| main ()
| {
| #if BYTE_ORDER != BIG_ENDIAN
|  not big endian
| #endif
| 
|   ;
|   return 0;
| }
configure:5766: result: no
configure:5794: checking build system type
configure:5812: result: x86_64-unknown-linux-gnu
configure:5820: checking host system type
configure:5834: result: x86_64-unknown-linux-gnu
configure:5901: checking for sed
configure:5917: found /usr/bin/sed
configure:5928: result: sed
configure:5983: checking for a sed that does not truncate output
configure:6037: result: /usr/bin/sed
configure:6051: checking for ld used by gcc
configure:6118: result: /usr/bin/ld
configure:6127: checking if the linker (/usr/bin/ld) is GNU ld
configure:6142: result: yes
configure:6147: checking for /usr/bin/ld option to reload object files
configure:6154: result: -r
configure:6172: checking for BSD-compatible nm
configure:6214: result: /usr/bin/nm -B
configure:6218: checking whether ln -s works
configure:6222: result: yes
configure:6229: checking how to recognise dependent libraries
configure:6401: result: pass_all
configure:6485: gcc -c -g -O2  conftest.c >&5
configure:6488: $? = 0
configure:6864: checking dlfcn.h usability
configure:6876: gcc -c -g -O2  conftest.c >&5
configure:6882: $? = 0
configure:6885: test -z 			 || test ! -s conftest.err
configure:6888: $? = 0
configure:6891: test -s conftest.o
configure:6894: $? = 0
configure:6904: result: yes
configure:6908: checking dlfcn.h presence
configure:6918: gcc -E  conftest.c
configure:6924: $? = 0
configure:6944: result: yes
configure:6979: checking for dlfcn.h
configure:6986: result: yes
configure:7051: checking for g++
configure:7067: found /usr/bin/g++
configure:7077: result: g++
configure:7093: checking for C++ compiler version
configure:7096: g++ --version </dev/null >&5
g++ (Ubuntu 11.4.0-1ubuntu1~22.04) 11.4.0
Copyright (C) 2021 Free Software Foundation, Inc.
This is free software; see the source for copying conditions.  There is NO
warranty; not even for MERCHANTABILITY or FITNESS FOR A PARTICULAR PURPOSE.

configure:7099: $? = 0
configure:7101: g++ -v </dev/null >&5
Using built-in specs.
COLLECT_GCC=g++
COLLECT_LTO_WRAPPER=/usr/lib/gcc/x86_64-linux-gnu/11/lto-wrapper
OFFLOAD_TARGET_NAMES=nvptx-none:amdgcn-amdhsa
OFFLOAD_TARGET_DEFAULT=1
Target: x86_64-linux-gnu
Configured with: ../src/configure -v --with-pkgversion='Ubuntu 11.4.0-1ubuntu1~22.04' --with-bugurl=file:///usr/share/doc/gcc-11/README.Bugs --enable-languages=c,ada,c++,go,brig,d,fortran,objc,obj-c++,m2 --prefix=/usr --with-gcc-major-version-only --program-suffix=-11 --program-prefix=x86_64-linux-gnu- --enable-shared --enable-linker-build-id --libexecdir=/usr/lib --without-included-gettext --enable-threads=posix --libdir=/usr/lib --enable-nls --enable-bootstrap --enable-clocale=gnu --enable-libstdcxx-debug --enable-libstdcxx-time=yes --with-default-libstdcxx-abi=new --enable-gnu-unique-object --disable-vtable-verify --enable-plugin --enable-default-pie --with-system-zlib --enable-libphobos-checking=release --with-target-system-zlib=auto --enable-objc-gc=auto --enable-multiarch --disable-werror --enable-cet --with-arch-32=i686 --with-abi=m64 --with-multilib-list=m32,m64,mx32 --enable-multilib --with-tune=generic --enable-offload-targets=nvptx-none=/build/gcc-11-XeT9lY/gcc-11-11.4.0/debian/tmp-nvptx/usr,amdgcn-amdhsa=/build/gcc-11-XeT9lY/gcc-11-11.4.0/debian/tmp-gcn/usr --without-cuda-driver --enable-checking=release --build=x86_64-linux-gnu --host=x86_64-linux-gnu --target=x86_64-linux-gnu --with-build-config=bootstrap-lto-lean --enable-link-serialization=2
Thread model: posix
Supported LTO compression algorithms: zlib zstd
gcc version 11.4.0 (Ubuntu 11.4.0-1ubuntu1~22.04) 
configure:7104: $? = 0
configure:7106: g++ -V </dev/null >&5
g++: error: unrecognized command-line option '-V'
g++: fatal error: no input files
compilation terminated.
configure:7109: $? = 1
configure:7112: checking whether we are using the GNU C++ compiler
configure:7136: g++ -c   conftest.cc >&5
configure:7142: $? = 0
configure:7145: test -z 			 || test ! -s conftest.err
configure:7148: $? = 0
configure:7151: test -s conftest.o
configure:7154: $? = 0
configure:7167: result: yes
configure:7173: checking whether g++ accepts -g
configure:7194: g++ -c -g  conftest.cc >&5
configure:7200: $? = 0
configure:7203: test -z 			 || test ! -s conftest.err
configure:7206: $? = 0
configure:7209: test -s conftest.o
configure:7212: $? = 0
configure:7223: result: yes
configure:7265: g++ -c -g -O2  conftest.cc >&5
configure:7271: $? = 0
configure:7274: test -z 			 || test ! -s conftest.err
configure:7277: $? = 0
configure:7280: test -s conftest.o
configure:7283: $? = 0
configure:7309: g++ -c -g -O2  conftest.cc >&5
conftest.cc: In function 'int main()':
conftest.cc:34:1: error: 'exit' was not declared in this scope
   34 | exit (42);
      | ^~~~
configure:7315: $? = 1
configure: failed program was:
| /* confdefs.h.  */
| 
| #define PACKAGE_NAME ""
| #define PACKAGE_TARNAME ""
| #define PACKAGE_VERSION ""
| #define PACKAGE_STRING ""
| #define PACKAGE_BUGREPORT ""
| #define STDC_HEADERS 1
| #define HAVE_SYS_TYPES_H 1
| #define HAVE_SYS_STAT_H 1
| #define HAVE_STDLIB_H 1
| #define HAVE_STRING_H 1
| #define HAVE_MEMORY_H 1
| #define HAVE_STRINGS_H 1
| #define HAVE_INTTYPES_H 1
| #define HAVE_STDINT_H 1
| #define HAVE_UNISTD_H 1
| #define HAVE_STDLIB_H 1
| #define HAVE_STDIO_H 1
| #define HAVE_STRING_H 1
| #define HAVE_CTYPE_H 1
| #define HAVE_ERRNO_H 1
| #define SIZEOF_VOID_P 8
| #define SIZEOF_INT 4
| #define SIZEOF_LONG 8
| #define SIZEOF_LONG_LONG 8
| #define SIZEOF___INT64 0
| #define HAVE_DLFCN_H 1
| /* end confdefs.h.  */
| 
| int
| main ()
| {
| exit (42);
|   ;
|   return 0;
| }
configure:7265: g++ -c -g -O2  conftest.cc >&5
conftest.cc:30:17: warning: 'void std::exit(int)' has not been declared within 'std'
   30 | extern "C" void std::exit (int) throw (); using std::exit;
      |                 ^~~
<built-in>: note: only here as a 'friend'
configure:7271: $? = 0
configure:7274: test -z 			 || test ! -s conftest.err
configure:7277: $? = 0
configure:7280: test -s conftest.o
configure:7283: $? = 0
configure:7309: g++ -c -g -O2  conftest.cc >&5
conftest.cc:30:17: warning: 'void std::exit(int)' has not been declared within 'std'
   30 | extern "C" void std::exit (int) throw (); using std::exit;
      |                 ^~~
<built-in>: note: only here as a 'friend'
configure:7315: $? = 0
configure:7318: test -z 			 || test ! -s conftest.err
configure:7321: $? = 0
configure:7324: test -s conftest.o
configure:7327: $? = 0
configure:7360: checking how to run the C++ preprocessor
configure:7391: g++ -E  conftest.cc
configure:7397: $? = 0
configure:7429: g++ -E  conftest.cc
conftest.cc:33:10: fatal error: ac_nonexistent.h: No such file or directory
   33 | #include <ac_nonexistent.h>
      |          ^~~~~~~~~~~~~~~~~~
compilation terminated.
configure:7435: $? = 1
configure: failed program was:
| /* confdefs.h.  */
| 
| #define PACKAGE_NAME ""
| #define PACKAGE_TARNAME ""
| #define PACKAGE_VERSION ""
| #define PACKAGE_STRING ""
| #define PACKAGE_BUGREPORT ""
| #define STDC_HEADERS 1
| #define HAVE_SYS_TYPES_H 1
| #define HAVE_SYS_STAT_H 1
| #define HAVE_STDLIB_H 1
| #define HAVE_STRING_H 1
| #define HAVE_MEMORY_H 1
| #define HAVE_STRINGS_H 1
| #define HAVE_INTTYPES_H 1
| #define HAVE_STDINT_H 1
| #define HAVE_UNISTD_H 1
| #define HAVE_STDLIB_H 1
| #define HAVE_STDIO_H 1
| #define HAVE_STRING_H 1
| #define HAVE_CTYPE_H 1
| #define HAVE_ERRNO_H 1
| #define SIZEOF_VOID_P 8
| #define SIZEOF_INT 4
| #define SIZEOF_LONG 8
| #define SIZEOF_LONG_LONG 8
| #define SIZEOF___INT64 0
| #define HAVE_DLFCN_H 1
| #ifdef __cplusplus
| extern "C" void std::exit (int) throw (); using std::exit;
| #endif
| /* end confdefs.h.  */
| #include <ac_nonexistent.h>
configure:7474: result: g++ -E
configure:7498: g++ -E  conftest.cc
configure:7504: $? = 0
configure:7536: g++ -E  conftest.cc
conftest.cc:33:10: fatal error: ac_nonexistent.h: No such file or directory
   33 | #include <ac_nonexistent.h>
      |          ^~~~~~~~~~~~~~~~~~
compilation terminated.
configure:7542: $? = 1
configure: failed program was:
| /* confdefs.h.  */
| 
| #define PACKAGE_NAME ""
| #define PACKAGE_TARNAME ""
| #define PACKAGE_VERSION ""
| #define PACKAGE_STRING ""
| #define PACKAGE_BUGREPORT ""
| #define STDC_HEADERS 1
| #define HAVE_SYS_TYPES_H 1
| #define HAVE_SYS_STAT_H 1
| #define HAVE_STDLIB_H 1
| #define HAVE_STRING_H 1
| #define HAVE_MEMORY_H 1
| #define HAVE_STRINGS_H 1
| #define HAVE_INTTYPES_H 1
| #define HAVE_STDINT_H 1
| #define HAVE_UNISTD_H 1
| #define HAVE_STDLIB_H 1
| #define HAVE_STDIO_H 1
| #define HAVE_STRING_H 1
| #define HAVE_CTYPE_H 1
| #define HAVE_ERRNO_H 1
| #define SIZEOF_VOID_P 8
| #define SIZEOF_INT 4
| #define SIZEOF_LONG 8
| #define SIZEOF_LONG_LONG 8
| #define SIZEOF___INT64 0
| #define HAVE_DLFCN_H 1
| #ifdef __cplusplus
| extern "C" void std::exit (int) throw (); using std::exit;
| #endif
| /* end confdefs.h.  */
| #include <ac_nonexistent.h>
configure:7639: checking for g77
configure:7668: result: no
configure:7639: checking for f77
configure:7655: found /usr/bin/f77
configure:7665: result: f77
configure:7680: checking for Fortran 77 compiler version
configure:7683: f77 --version </dev/null >&5
GNU Fortran (Ubuntu 11.4.0-1ubuntu1~22.04) 11.4.0
Copyright (C) 2021 Free Software Foundation, Inc.
This is free software; see the source for copying conditions.  There is NO
warranty; not even for MERCHANTABILITY or FITNESS FOR A PARTICULAR PURPOSE.

configure:7686: $? = 0
configure:7688: f77 -v </dev/null >&5
Using built-in specs.
COLLECT_GCC=f77
COLLECT_LTO_WRAPPER=/usr/lib/gcc/x86_64-linux-gnu/11/lto-wrapper
OFFLOAD_TARGET_NAMES=nvptx-none:amdgcn-amdhsa
OFFLOAD_TARGET_DEFAULT=1
Target: x86_64-linux-gnu
Configured with: ../src/configure -v --with-pkgversion='Ubuntu 11.4.0-1ubuntu1~22.04' --with-bugurl=file:///usr/share/doc/gcc-11/README.Bugs --enable-languages=c,ada,c++,go,brig,d,fortran,objc,obj-c++,m2 --prefix=/usr --with-gcc-major-version-only --program-suffix=-11 --program-prefix=x86_64-linux-gnu- --enable-shared --enable-linker-build-id --libexecdir=/usr/lib --without-included-gettext --enable-threads=posix --libdir=/usr/lib --enable-nls --enable-bootstrap --enable-clocale=gnu --enable-libstdcxx-debug --enable-libstdcxx-time=yes --with-default-libstdcxx-abi=new --enable-gnu-unique-object --disable-vtable-verify --enable-plugin --enable-default-pie --with-system-zlib --enable-libphobos-checking=release --with-target-system-zlib=auto --enable-objc-gc=auto --enable-multiarch --disable-werror --enable-cet --with-arch-32=i686 --with-abi=m64 --with-multilib-list=m32,m64,mx32 --enable-multilib --with-tune=generic --enable-offload-targets=nvptx-none=/build/gcc-11-XeT9lY/gcc-11-11.4.0/debian/tmp-nvptx/usr,amdgcn-amdhsa=/build/gcc-11-XeT9lY/gcc-11-11.4.0/debian/tmp-gcn/usr --without-cuda-driver --enable-checking=release --build=x86_64-linux-gnu --host=x86_64-linux-gnu --target=x86_64-linux-gnu --with-build-config=bootstrap-lto-lean --enable-link-serialization=2
Thread model: posix
Supported LTO compression algorithms: zlib zstd
gcc version 11.4.0 (Ubuntu 11.4.0-1ubuntu1~22.04) 
configure:7691: $? = 0
configure:7693: f77 -V </dev/null >&5
f77: error: unrecognized command-line option '-V'
f77: fatal error: no input files
compilation terminated.
configure:7696: $? = 1
configure:7704: checking whether we are using the GNU Fortran 77 compiler
configure:7718: f77 -c  conftest.F >&5
configure:7724: $? = 0
configure:7727: test -z 			 || test ! -s conftest.err
configure:7730: $? = 0
configure:7733: test -s conftest.o
configure:7736: $? = 0
configure:7749: result: yes
configure:7755: checking whether f77 accepts -g
configure:7767: f77 -c -g conftest.f >&5
configure:7773: $? = 0
configure:7776: test -z 			 || test ! -s conftest.err
configure:7779: $? = 0
configure:7782: test -s conftest.o
configure:7785: $? = 0
configure:7797: result: yes
configure:7827: checking the maximum length of command line arguments
configure:7919: result: 32768
configure:7930: checking command to parse /usr/bin/nm -B output from gcc object
configure:8026: gcc -c -g -O2  conftest.c >&5
configure:8029: $? = 0
configure:8033: /usr/bin/nm -B conftest.o \| sed -n -e 's/^.*[ 	]\([ABCDGIRSTW][ABCDGIRSTW]*\)[ 	][ 	]*\([_A-Za-z][_A-Za-z0-9]*\)$/\1 \2 \2/p' \> conftest.nm
configure:8036: $? = 0
configure:8088: gcc -o conftest -g -O2   conftest.c conftstm.o >&5
configure:8091: $? = 0
configure:8129: result: ok
configure:8133: checking for objdir
configure:8148: result: .libs
configure:8238: checking for ar
configure:8254: found /usr/bin/ar
configure:8265: result: ar
configure:8318: checking for ranlib
configure:8334: found /usr/bin/ranlib
configure:8345: result: ranlib
configure:8398: checking for strip
configure:8414: found /usr/bin/strip
configure:8425: result: strip
configure:8712: checking if gcc static flag  works
configure:8740: result: yes
configure:8762: checking if gcc supports -fno-rtti -fno-exceptions
configure:8780: gcc -c -g -O2  -fno-rtti -fno-exceptions conftest.c >&5
cc1: warning: command-line option '-fno-rtti' is valid for C++/D/ObjC++ but not for C
configure:8784: $? = 0
configure:8797: result: no
configure:8812: checking for gcc option to produce PIC
configure:9016: result: -fPIC
configure:9024: checking if gcc PIC flag -fPIC works
configure:9042: gcc -c -g -O2  -fPIC -DPIC conftest.c >&5
configure:9046: $? = 0
configure:9059: result: yes
configure:9083: checking if gcc supports -c -o file.o
configure:9104: gcc -c -g -O2  -o out/conftest2.o conftest.c >&5
configure:9108: $? = 0
configure:9130: result: yes
configure:9156: checking whether the gcc linker (/usr/bin/ld -m elf_x86_64) supports shared libraries
configure:10050: result: yes
configure:10076: checking whether -lc should be explicitly linked in
configure:10081: gcc -c -g -O2  conftest.c >&5
configure:10084: $? = 0
configure:10098: gcc -shared conftest.o  -v -Wl,-soname -Wl,conftest -o conftest 2\>\&1 \| grep  -lc  \>/dev/null 2\>\&1
configure:10101: $? = 0
configure:10113: result: no
configure:10121: checking dynamic linker characteristics
configure:10667: result: GNU/Linux ld.so
configure:10671: checking how to hardcode library paths into programs
configure:10696: result: immediate
configure:10710: checking whether stripping libraries is possible
configure:10715: result: yes
configure:11538: checking if libtool supports shared libraries
configure:11540: result: yes
configure:11543: checking whether to build shared libraries
configure:11564: result: yes
configure:11567: checking whether to build static libraries
configure:11571: result: no
configure:11663: creating libtool
configure:12241: checking for ld used by g++
configure:12308: result: /usr/bin/ld -m elf_x86_64
configure:12317: checking if the linker (/usr/bin/ld -m elf_x86_64) is GNU ld
configure:12332: result: yes
configure:12383: checking whether the g++ linker (/usr/bin/ld -m elf_x86_64) supports shared libraries
configure:13268: result: yes
configure:13290: g++ -c -g -O2  conftest.cc >&5
configure:13293: $? = 0
configure:13389: checking for g++ option to produce PIC
configure:13657: result: -fPIC
configure:13665: checking if g++ PIC flag -fPIC works
configure:13683: g++ -c -g -O2  -fPIC -DPIC conftest.cc >&5
configure:13687: $? = 0
configure:13700: result: yes
configure:13724: checking if g++ supports -c -o file.o
configure:13745: g++ -c -g -O2  -o out/conftest2.o conftest.cc >&5
configure:13749: $? = 0
configure:13771: result: yes
configure:13797: checking whether the g++ linker (/usr/bin/ld -m elf_x86_64) supports shared libraries
configure:13822: result: yes
configure:13893: checking dynamic linker characteristics
configure:14439: result: GNU/Linux ld.so
configure:14443: checking how to hardcode library paths into programs
configure:14468: result: immediate
configure:14482: checking whether stripping libraries is possible
configure:14487: result: yes
configure:15816: checking if libtool supports shared libraries
configure:15818: result: yes
configure:15821: checking whether to build shared libraries
configure:15841: result: yes
configure:15844: checking whether to build static libraries
configure:15848: result: no
configure:15860: checking for f77 option to produce PIC
configure:16064: result: -fPIC
configure:16072: checking if f77 PIC flag -fPIC works
configure:16090: f77 -c -g -O2 -fPIC conftest.f >&5
configure:16094: $? = 0
configure:16107: result: yes
configure:16131: checking if f77 supports -c -o file.o
configure:16152: f77 -c -g -O2 -o out/conftest2.o conftest.f >&5
configure:16156: $? = 0
configure:16178: result: yes
configure:16204: checking whether the f77 linker (/usr/bin/ld -m elf_x86_64) supports shared libraries
configure:17078: result: yes
configure:17149: checking dynamic linker characteristics
configure:17695: result: GNU/Linux ld.so
configure:17699: checking how to hardcode library paths into programs
configure:17724: result: immediate
configure:17738: checking whether stripping libraries is possible
configure:17743: result: yes
configure:21981: checking for malloc in -lefence
configure:22011: gcc -o conftest -g -O2   conftest.c -lefence   >&5
conftest.c:40:6: warning: conflicting types for built-in function 'malloc'; expected 'void *(long unsigned int)' [-Wbuiltin-declaration-mismatch]
   40 | char malloc ();
      |      ^~~~~~
conftest.c:1:1: note: 'malloc' is declared in header '<stdlib.h>'
    1 | /* confdefs.h.  */
/usr/bin/ld: cannot find -lefence: No such file or directory
collect2: error: ld returned 1 exit status
configure:22017: $? = 1
configure: failed program was:
| /* confdefs.h.  */
| 
| #define PACKAGE_NAME ""
| #define PACKAGE_TARNAME ""
| #define PACKAGE_VERSION ""
| #define PACKAGE_STRING ""
| #define PACKAGE_BUGREPORT ""
| #define STDC_HEADERS 1
| #define HAVE_SYS_TYPES_H 1
| #define HAVE_SYS_STAT_H 1
| #define HAVE_STDLIB_H 1
| #define HAVE_STRING_H 1
| #define HAVE_MEMORY_H 1
| #define HAVE_STRINGS_H 1
| #define HAVE_INTTYPES_H 1
| #define HAVE_STDINT_H 1
| #define HAVE_UNISTD_H 1
| #define HAVE_STDLIB_H 1
| #define HAVE_STDIO_H 1
| #define HAVE_STRING_H 1
| #define HAVE_CTYPE_H 1
| #define HAVE_ERRNO_H 1
| #define SIZEOF_VOID_P 8
| #define SIZEOF_INT 4
| #define SIZEOF_LONG 8
| #define SIZEOF_LONG_LONG 8
| #define SIZEOF___INT64 0
| #define HAVE_DLFCN_H 1
| #ifdef __cplusplus
| extern "C" void std::exit (int) throw (); using std::exit;
| #endif
| /* end confdefs.h.  */
| 
| /* Override any gcc2 internal prototype to avoid an error.  */
| #ifdef __cplusplus
| extern "C"
| #endif
| /* We use char because int might match the return type of a gcc2
|    builtin and then its argument prototype would still apply.  */
| char malloc ();
| int
| main ()
| {
| malloc ();
|   ;
|   return 0;
| }
configure:22042: result: no
configure:22053: checking for strstr
configure:22110: gcc -o conftest -g -O2   conftest.c  >&5
conftest.c:57:6: warning: conflicting types for built-in function 'strstr'; expected 'char *(const char *, const char *)' [-Wbuiltin-declaration-mismatch]
   57 | char strstr ();
      |      ^~~~~~
conftest.c:44:1: note: 'strstr' is declared in header '<string.h>'
   43 | # include <limits.h>
   44 | #else
configure:22116: $? = 0
configure:22119: test -z 			 || test ! -s conftest.err
configure:22122: $? = 0
configure:22125: test -s conftest
configure:22128: $? = 0
configure:22140: result: yes
configure:22151: checking target system type
configure:22165: result: x86_64-unknown-linux-gnu
configure:22304: checking for javah in user's PATH
configure:22314: result: found /usr/bin/javah
configure:22317: checking if /usr/bin/javah works
configure:22320: result: unknown!
configure:22323: checking if /usr exists
configure:22331: result: yes
configure:22333: checking for <jni.h> include flag
configure:22429: result: no
configure:22431: checking for working javah in user's PATH
configure:22314: result: found /bin/javah
configure:22317: checking if /bin/javah works
configure:22320: result: unknown!
configure:22323: checking if  exists
configure:22429: result: no
configure:22431: checking for working javah in user's PATH
configure:22441: result: not found
configure:22499: checking for javah in known locations
configure:22571: result: found /usr/bin/javah
configure:22574: checking if /usr/bin/javah works
configure:22577: result: unknown!
configure:22580: checking if /usr exists
configure:22588: result: yes
configure:22590: checking for <jni.h> include flag
configure:22686: result: no
configure:22688: checking for working javah in known locations
configure:22697: result: not found
configure:22709: WARNING:  Invalid JNI include dir, exit! 

## ---------------- ##
## Cache variables. ##
## ---------------- ##

ac_cv_build=x86_64-unknown-linux-gnu
ac_cv_build_alias=x86_64-unknown-linux-gnu
ac_cv_c_bigendian=no
ac_cv_c_compiler_gnu=yes
ac_cv_c_const=yes
ac_cv_cxx_compiler_gnu=yes
ac_cv_env_CC_set=
ac_cv_env_CC_value=
ac_cv_env_CFLAGS_set=
ac_cv_env_CFLAGS_value=
ac_cv_env_CPPFLAGS_set=
ac_cv_env_CPPFLAGS_value=
ac_cv_env_CPP_set=
ac_cv_env_CPP_value=
ac_cv_env_CXXCPP_set=
ac_cv_env_CXXCPP_value=
ac_cv_env_CXXFLAGS_set=
ac_cv_env_CXXFLAGS_value=
ac_cv_env_CXX_set=
ac_cv_env_CXX_value=
ac_cv_env_F77_set=
ac_cv_env_F77_value=
ac_cv_env_FFLAGS_set=
ac_cv_env_FFLAGS_value=
ac_cv_env_LDFLAGS_set=
ac_cv_env_LDFLAGS_value=
ac_cv_env_build_alias_set=
ac_cv_env_build_alias_value=
ac_cv_env_host_alias_set=
ac_cv_env_host_alias_value=
ac_cv_env_target_alias_set=
ac_cv_env_target_alias_value=
ac_cv_exeext=
ac_cv_f77_compiler_gnu=yes
ac_cv_func_strstr=yes
ac_cv_header_ctype_h=yes
ac_cv_header_dlfcn_h=yes
ac_cv_header_errno_h=yes
ac_cv_header_inttypes_h=yes
ac_cv_header_memory_h=yes
ac_cv_header_stdc=yes
ac_cv_header_stdint_h=yes
ac_cv_header_stdio_h=yes
ac_cv_header_stdlib_h=yes
ac_cv_header_string_h=yes
ac_cv_header_strings_h=yes
ac_cv_header_sys_stat_h=yes
ac_cv_header_sys_types_h=yes
ac_cv_header_unistd_h=yes
ac_cv_host=x86_64-unknown-linux-gnu
ac_cv_host_alias=x86_64-unknown-linux-gnu
ac_cv_lib_efence_malloc=no
ac_cv_objext=o
ac_cv_prog_CPP='gcc -E'
ac_cv_prog_CXXCPP='g++ -E'
ac_cv_prog_SED=sed
ac_cv_prog_ac_ct_AR=ar
ac_cv_prog_ac_ct_CC=gcc
ac_cv_prog_ac_ct_CXX=g++
ac_cv_prog_ac_ct_F77=f77
ac_cv_prog_ac_ct_RANLIB=ranlib
ac_cv_prog_ac_ct_STRIP=strip
ac_cv_prog_cc_g=yes
ac_cv_prog_cc_stdc=
ac_cv_prog_cxx_g=yes
ac_cv_prog_egrep='grep -E'
ac_cv_prog_f77_g=yes
ac_cv_sizeof___int64=0
ac_cv_sizeof_int=4
ac_cv_sizeof_long=8
ac_cv_sizeof_long_long=8
ac_cv_sizeof_void_p=8
ac_cv_target=x86_64-unknown-linux-gnu
ac_cv_target_alias=x86_64-unknown-linux-gnu
ac_cv_type___int64=no
ac_cv_type_int=yes
ac_cv_type_long=yes
ac_cv_type_long_long=yes
ac_cv_type_void_p=yes
lt_cv_deplibs_check_method=pass_all
lt_cv_file_magic_cmd='$MAGIC_CMD'
lt_cv_file_magic_test_file=
lt_cv_ld_reload_flag=-r
lt_cv_objdir=.libs
lt_cv_path_LD=/usr/bin/ld
lt_cv_path_LDCXX='/usr/bin/ld -m elf_x86_64'
lt_cv_path_NM='/usr/bin/nm -B'
lt_cv_path_SED=/usr/bin/sed
lt_cv_prog_compiler_c_o=yes
lt_cv_prog_compiler_c_o_CXX=yes
lt_cv_prog_compiler_c_o_F77=yes
lt_cv_prog_compiler_rtti_exceptions=no
lt_cv_prog_gnu_ld=yes
lt_cv_prog_gnu_ldcxx=yes
lt_cv_sys_global_symbol_pipe='sed -n -e '\''s/^.*[ 	]\([ABCDGIRSTW][ABCDGIRSTW]*\)[ 	][ 	]*\([_A-Za-z][_A-Za-z0-9]*\)$/\1 \2 \2/p'\'''
lt_cv_sys_global_symbol_to_c_name_address='sed -n -e '\''s/^: \([^ ]*\) $/  {\"\1\", (lt_ptr) 0},/p'\'' -e '\''s/^[BCDEGRST] \([^ ]*\) \([^ ]*\)$/  {"\2", (lt_ptr) \&\2},/p'\'''
lt_cv_sys_global_symbol_to_cdecl='sed -n -e '\''s/^. .* \(.*\)$/extern int \1;/p'\'''
lt_cv_sys_max_cmd_len=32768
lt_lt_cv_prog_compiler_c_o='"yes"'
lt_lt_cv_prog_compiler_c_o_CXX='"yes"'
lt_lt_cv_prog_compiler_c_o_F77='"yes"'
lt_lt_cv_sys_global_symbol_pipe='"sed -n -e '\''s/^.*[ 	]\\([ABCDGIRSTW][ABCDGIRSTW]*\\)[ 	][ 	]*\\([_A-Za-z][_A-Za-z0-9]*\\)\$/\\1 \\2 \\2/p'\''"'
lt_lt_cv_sys_global_symbol_to_c_name_address='"sed -n -e '\''s/^: \\([^ ]*\\) \$/  {\\\"\\1\\\", (lt_ptr) 0},/p'\'' -e '\''s/^[BCDEGRST] \\([^ ]*\\) \\([^ ]*\\)\$/  {\"\\2\", (lt_ptr) \\&\\2},/p'\''"'
lt_lt_cv_sys_global_symbol_to_cdecl='"sed -n -e '\''s/^. .* \\(.*\\)\$/extern int \\1;/p'\''"'

## ----------------- ##
## Output variables. ##
## ----------------- ##

AR='ar'
AS='as'
CC='gcc'
CFLAGS='-g -O2'
COPTS='-g -O2'
CPP='gcc -E'
CPPFLAGS=''
CXX='g++'
CXXCPP='g++ -E'
CXXFLAGS='-g -O2'
DEBUG_LIBS=''
DEFS=''
DLLTOOL='dlltool'
ECHO='echo'
ECHO_C=''
ECHO_N='-n'
ECHO_T=''
EGREP='grep -E'
EXEEXT=''
EXEFILES=''
EXPORT_SYMBOLS='yes'
F77='f77'
FFLAGS='-g -O2'
INSTALL_DATA=''
INSTALL_PROGRAM=''
INSTALL_SCRIPT=''
JNI_INC=''
JPATH_FINAL=''
JPATH_START=''
JVM=''
JVMFLAGS=''
LDFLAGS=''
LIBOBJS=''
LIBS=''
LIBSO_PREFIX='lib'
LIBTOOL='$(SHELL) $(top_builddir)/libtool'
LIBTOOL_DEPS='./ltmain.sh'
LN_S='ln -s'
LTLIBOBJS=''
MAKE='make --no-print-directory'
OBJDUMP='objdump'
OBJEXT='o'
PACKAGE_BUGREPORT=''
PACKAGE_NAME=''
PACKAGE_STRING=''
PACKAGE_TARNAME=''
PACKAGE_VERSION=''
PATH_SEPARATOR=':'
RANLIB='ranlib'
RANLIB_AFTER_INSTALL=''
RM=''
SED='/usr/bin/sed'
SHELL='/bin/bash'
STRIP='strip'
TRACE_NAME=''
VPATH='VPATH=.:$(srcdir)'
VPATH_EXTRA=':$(TRACE_SRCDIR)'
ac_ct_AR='ar'
ac_ct_AS=''
ac_ct_CC='gcc'
ac_ct_CXX='g++'
ac_ct_DLLTOOL=''
ac_ct_F77='f77'
ac_ct_OBJDUMP=''
ac_ct_RANLIB='ranlib'
ac_ct_STRIP='strip'
binbuild_dir=''
bindir='${exec_prefix}/bin'
build='x86_64-unknown-linux-gnu'
build_alias=''
build_cpu='x86_64'
build_os='linux-gnu'
build_vendor='unknown'
datadir='${prefix}/share'
exec_prefix='NONE'
gui_libbuild_dir=''
host='x86_64-unknown-linux-gnu'
host_alias=''
host_cpu='x86_64'
host_os='linux-gnu'
host_vendor='unknown'
includedir='${prefix}/include'
infodir='${prefix}/info'
libbuild_dir=''
libdir='${exec_prefix}/lib'
libexecdir='${exec_prefix}/libexec'
localstatedir='${prefix}/var'
mandir='${prefix}/man'
oldincludedir='/usr/include'
prefix='/usr/local'
program_transform_name='s,x,x,'
sbinbuild_dir=''
sbindir='${exec_prefix}/sbin'
sharebuild_dir=''
sharedstatedir='${prefix}/com'
sysconfdir='${prefix}/etc'
target='x86_64-unknown-linux-gnu'
target_alias=''
target_cpu='x86_64'
target_os='linux-gnu'
target_vendor='unknown'
top_srcdir_abs='/home/yuliayureva/Desktop/OPP/lab1/slog2sdk-1.2.6/trace_rlog'

## ----------- ##
## confdefs.h. ##
## ----------- ##

#define HAVE_CTYPE_H 1
#define HAVE_DLFCN_H 1
#define HAVE_ERRNO_H 1
#define HAVE_INTTYPES_H 1
#define HAVE_MEMORY_H 1
#define HAVE_STDINT_H 1
#define HAVE_STDIO_H 1
#define HAVE_STDLIB_H 1
#define HAVE_STDLIB_H 1
#define HAVE_STRINGS_H 1
#define HAVE_STRING_H 1
#define HAVE_STRING_H 1
#define HAVE_STRSTR 1
#define HAVE_SYS_STAT_H 1
#define HAVE_SYS_TYPES_H 1
#define HAVE_UNISTD_H 1
#define PACKAGE_BUGREPORT ""
#define PACKAGE_NAME ""
#define PACKAGE_STRING ""
#define PACKAGE_TARNAME ""
#define PACKAGE_VERSION ""
#define SIZEOF_INT 4
#define SIZEOF_LONG 8
#define SIZEOF_LONG_LONG 8
#define SIZEOF_VOID_P 8
#define SIZEOF___INT64 0
#define STDC_HEADERS 1
#endif
#ifdef __cplusplus
extern "C" void std::exit (int) throw (); using std::exit;

configure: exit 0
